<?xml version="1.0" encoding="UTF-8"?>
<testng-results skipped="0" failed="0" total="1" passed="1">
  <reporter-output>
  </reporter-output>
  <suite name="Suite" duration-ms="8089" started-at="2016-12-17T03:38:46Z" finished-at="2016-12-17T03:38:54Z">
    <groups>
    </groups>
    <test name="Test" duration-ms="8089" started-at="2016-12-17T03:38:46Z" finished-at="2016-12-17T03:38:54Z">
      <class name="com.amex.RM.testscripts.SampleSauceTest">
        <test-method status="PASS" signature="testjenkins()[pri:0, instance:com.amex.RM.testscripts.SampleSauceTest@4f933fd1]" name="testjenkins" duration-ms="8072" started-at="2016-12-16T20:38:46Z" finished-at="2016-12-16T20:38:54Z">
          <reporter-output>
          </reporter-output>
        </test-method> <!-- testjenkins -->
      </class> <!-- com.amex.RM.testscripts.SampleSauceTest -->
    </test> <!-- Test -->
  </suite> <!-- Suite -->
</testng-results>
